  Scheduler.cpp
c:\users\mcjohnson\documents\ece474_assignment2\scheduler.cpp(22): warning C4018: '<': signed/unsigned mismatch
c:\users\mcjohnson\documents\ece474_assignment2\scheduler.cpp(36): warning C4018: '<': signed/unsigned mismatch
c:\users\mcjohnson\documents\ece474_assignment2\scheduler.cpp(52): warning C4018: '<': signed/unsigned mismatch
c:\users\mcjohnson\documents\ece474_assignment2\scheduler.cpp(54): warning C4018: '<': signed/unsigned mismatch
c:\users\mcjohnson\documents\ece474_assignment2\scheduler.cpp(68): warning C4018: '<': signed/unsigned mismatch
c:\users\mcjohnson\documents\ece474_assignment2\scheduler.cpp(112): warning C4018: '<': signed/unsigned mismatch
c:\users\mcjohnson\documents\ece474_assignment2\scheduler.cpp(126): warning C4018: '<': signed/unsigned mismatch
c:\users\mcjohnson\documents\ece474_assignment2\scheduler.cpp(133): warning C4018: '<': signed/unsigned mismatch
c:\users\mcjohnson\documents\ece474_assignment2\scheduler.cpp(147): warning C4018: '<': signed/unsigned mismatch
c:\users\mcjohnson\documents\ece474_assignment2\scheduler.cpp(160): warning C4018: '<': signed/unsigned mismatch
c:\users\mcjohnson\documents\ece474_assignment2\scheduler.cpp(161): warning C4018: '<': signed/unsigned mismatch
  Generating Code...
  Compiling...
  474asignment2.cpp
c:\users\mcjohnson\documents\ece474_assignment2\474asignment2.cpp(259): warning C4018: '<': signed/unsigned mismatch
c:\users\mcjohnson\documents\ece474_assignment2\474asignment2.cpp(283): warning C4018: '<': signed/unsigned mismatch
c:\users\mcjohnson\documents\ece474_assignment2\474asignment2.cpp(288): warning C4018: '<': signed/unsigned mismatch
c:\users\mcjohnson\documents\ece474_assignment2\474asignment2.cpp(293): warning C4018: '<': signed/unsigned mismatch
  Generating Code...
  474asignment2.vcxproj -> C:\Users\MCJohnson\Documents\ECE474_Assignment2\Debug\474asignment2.exe
  474asignment2.vcxproj -> C:\Users\MCJohnson\Documents\ECE474_Assignment2\Debug\474asignment2.pdb (Partial PDB)
